<?xml version='1.0' encoding='UTF-8'?>
<testsuite hostname="DESKTOP-PVC6RET" name="co.com.s4n.semillero.ejercicio.servicios.ClasePrueba" tests="3" errors="0" failures="0" skipped="0" time="0.047">
                     <properties>
[...]
</properties>
                     <testcase classname="co.com.s4n.semillero.ejercicio.servicios.ClasePrueba" name="testCambiarPosicionConVariasInstrucciones" time="0.047">
                                                 
                                               </testcase><testcase classname="co.com.s4n.semillero.ejercicio.servicios.ClasePrueba" name="testCambiarPosicionConUnaInstruccion" time="0.0">
                                                 
                                               </testcase><testcase classname="co.com.s4n.semillero.ejercicio.servicios.ClasePrueba" name="testRutasVariosPedidos" time="0.0">
                                                 
                                               </testcase>
                     <system-out><![CDATA[]]></system-out>
                     <system-err><![CDATA[]]></system-err>
                   </testsuite>